{"/home/magnus/github.com/magnus-svendsen/bachelor_ntnui/vote2/frontend/src/App.tsx": {"path":"/home/magnus/github.com/magnus-svendsen/bachelor_ntnui/vote2/frontend/src/App.tsx","statementMap":{"0":{"start":{"line":6,"column":28},"end":{"line":6,"column":null}},"1":{"start":{"line":8,"column":2},"end":{"line":30,"column":null}},"2":{"start":{"line":20,"column":31},"end":{"line":20,"column":63}},"3":{"start":{"line":20,"column":51},"end":{"line":20,"column":60}}},"fnMap":{"0":{"name":"App","decl":{"start":{"line":5,"column":9},"end":{"line":5,"column":15}},"loc":{"start":{"line":5,"column":15},"end":{"line":32,"column":null}}},"1":{"name":"(anonymous_1)","decl":{"start":{"line":20,"column":25},"end":{"line":20,"column":31}},"loc":{"start":{"line":20,"column":31},"end":{"line":20,"column":63}}},"2":{"name":"(anonymous_2)","decl":{"start":{"line":20,"column":40},"end":{"line":20,"column":41}},"loc":{"start":{"line":20,"column":51},"end":{"line":20,"column":60}}}},"branchMap":{},"s":{"0":2,"1":2,"2":0,"3":0},"f":{"0":2,"1":0,"2":0},"b":{}}
,"/home/magnus/github.com/magnus-svendsen/bachelor_ntnui/vote2/frontend/src/main.tsx": {"path":"/home/magnus/github.com/magnus-svendsen/bachelor_ntnui/vote2/frontend/src/main.tsx","statementMap":{"0":{"start":{"line":6,"column":0},"end":{"line":10,"column":null}}},"fnMap":{},"branchMap":{},"s":{"0":0},"f":{},"b":{}}
,"/home/magnus/github.com/magnus-svendsen/bachelor_ntnui/vote2/frontend/src/pages/AdminDashboard.tsx": {"path":"/home/magnus/github.com/magnus-svendsen/bachelor_ntnui/vote2/frontend/src/pages/AdminDashboard.tsx","statementMap":{"0":{"start":{"line":5,"column":4},"end":{"line":6,"column":null}}},"fnMap":{"0":{"name":"AdminDashboard","decl":{"start":{"line":3,"column":9},"end":{"line":3,"column":26}},"loc":{"start":{"line":3,"column":26},"end":{"line":8,"column":null}}}},"branchMap":{},"s":{"0":0},"f":{"0":0},"b":{}}
,"/home/magnus/github.com/magnus-svendsen/bachelor_ntnui/vote2/frontend/src/pages/CheckIn.tsx": {"path":"/home/magnus/github.com/magnus-svendsen/bachelor_ntnui/vote2/frontend/src/pages/CheckIn.tsx","statementMap":{"0":{"start":{"line":6,"column":4},"end":{"line":7,"column":null}}},"fnMap":{"0":{"name":"CheckIn","decl":{"start":{"line":3,"column":9},"end":{"line":3,"column":19}},"loc":{"start":{"line":3,"column":19},"end":{"line":9,"column":null}}}},"branchMap":{},"s":{"0":0},"f":{"0":0},"b":{}}
,"/home/magnus/github.com/magnus-svendsen/bachelor_ntnui/vote2/frontend/src/pages/GenforsDashboard.tsx": {"path":"/home/magnus/github.com/magnus-svendsen/bachelor_ntnui/vote2/frontend/src/pages/GenforsDashboard.tsx","statementMap":{"0":{"start":{"line":4,"column":4},"end":{"line":5,"column":null}}},"fnMap":{"0":{"name":"Assembly","decl":{"start":{"line":3,"column":9},"end":{"line":3,"column":20}},"loc":{"start":{"line":3,"column":20},"end":{"line":7,"column":null}}}},"branchMap":{},"s":{"0":0},"f":{"0":0},"b":{}}
,"/home/magnus/github.com/magnus-svendsen/bachelor_ntnui/vote2/frontend/src/pages/QRpage.tsx": {"path":"/home/magnus/github.com/magnus-svendsen/bachelor_ntnui/vote2/frontend/src/pages/QRpage.tsx","statementMap":{"0":{"start":{"line":6,"column":4},"end":{"line":7,"column":null}}},"fnMap":{"0":{"name":"QR","decl":{"start":{"line":3,"column":9},"end":{"line":3,"column":14}},"loc":{"start":{"line":3,"column":14},"end":{"line":9,"column":null}}}},"branchMap":{},"s":{"0":0},"f":{"0":0},"b":{}}
,"/home/magnus/github.com/magnus-svendsen/bachelor_ntnui/vote2/frontend/src/pages/StartPage.tsx": {"path":"/home/magnus/github.com/magnus-svendsen/bachelor_ntnui/vote2/frontend/src/pages/StartPage.tsx","statementMap":{"0":{"start":{"line":5,"column":4},"end":{"line":6,"column":null}}},"fnMap":{"0":{"name":"StartPage","decl":{"start":{"line":3,"column":9},"end":{"line":3,"column":21}},"loc":{"start":{"line":3,"column":21},"end":{"line":8,"column":null}}}},"branchMap":{},"s":{"0":0},"f":{"0":0},"b":{}}
,"/home/magnus/github.com/magnus-svendsen/bachelor_ntnui/vote2/frontend/src/pages/VotePage.tsx": {"path":"/home/magnus/github.com/magnus-svendsen/bachelor_ntnui/vote2/frontend/src/pages/VotePage.tsx","statementMap":{"0":{"start":{"line":5,"column":4},"end":{"line":6,"column":null}}},"fnMap":{"0":{"name":"Vote","decl":{"start":{"line":3,"column":9},"end":{"line":3,"column":16}},"loc":{"start":{"line":3,"column":16},"end":{"line":8,"column":null}}}},"branchMap":{},"s":{"0":0},"f":{"0":0},"b":{}}
,"/home/magnus/github.com/magnus-svendsen/bachelor_ntnui/vote2/frontend/src/pages/login.tsx": {"path":"/home/magnus/github.com/magnus-svendsen/bachelor_ntnui/vote2/frontend/src/pages/login.tsx","statementMap":{"0":{"start":{"line":6,"column":4},"end":{"line":7,"column":null}}},"fnMap":{"0":{"name":"Login","decl":{"start":{"line":3,"column":9},"end":{"line":3,"column":17}},"loc":{"start":{"line":3,"column":17},"end":{"line":10,"column":null}}}},"branchMap":{},"s":{"0":0},"f":{"0":0},"b":{}}
}
